2022-12-09 21:51:30.462  INFO 240271 --- [main] c.e.springboot.HelloControllerTest       : Starting HelloControllerTest using Java 17.0.5 on IND040100591 with PID 240271 (started by niveus in /home/niveus/test-java/microservice-java)
2022-12-09 21:51:30.464  INFO 240271 --- [main] c.e.springboot.HelloControllerTest       : No active profile set, falling back to 1 default profile: "default"
2022-12-09 21:51:32.406  INFO 240271 --- [main] o.s.b.t.m.w.SpringBootMockServletContext : Initializing Spring TestDispatcherServlet ''
2022-12-09 21:51:32.406  INFO 240271 --- [main] o.s.t.web.servlet.TestDispatcherServlet  : Initializing Servlet ''
2022-12-09 21:51:32.415  INFO 240271 --- [main] o.s.b.a.e.web.EndpointLinksResolver      : Exposing 1 endpoint(s) beneath base path '/actuator'
2022-12-09 21:51:32.432  INFO 240271 --- [main] o.s.t.web.servlet.TestDispatcherServlet  : Completed initialization in 25 ms
2022-12-09 21:51:32.467  INFO 240271 --- [main] c.e.springboot.HelloControllerTest       : Started HelloControllerTest in 2.334 seconds (JVM running for 4.456)
2022-12-09 21:51:33.082  INFO 240271 --- [main] com.example.springboot.HelloController   : Server is running on port 8080
2022-12-09 21:51:50.535  INFO 240458 --- [main] com.example.springboot.Application       : Starting Application v0.0.1-SNAPSHOT using Java 17.0.5 on IND040100591 with PID 240458 (/home/niveus/test-java/microservice-java/target/spring-boot-complete-0.0.1-SNAPSHOT.jar started by niveus in /home/niveus/test-java/microservice-java)
2022-12-09 21:51:50.538  INFO 240458 --- [main] com.example.springboot.Application       : No active profile set, falling back to 1 default profile: "default"
2022-12-09 21:51:51.402  INFO 240458 --- [main] o.s.b.w.embedded.tomcat.TomcatWebServer  : Tomcat initialized with port(s): 8080 (http)
2022-12-09 21:51:51.410  INFO 240458 --- [main] o.apache.catalina.core.StandardService   : Starting service [Tomcat]
2022-12-09 21:51:51.410  INFO 240458 --- [main] org.apache.catalina.core.StandardEngine  : Starting Servlet engine: [Apache Tomcat/9.0.64]
2022-12-09 21:51:51.462  INFO 240458 --- [main] o.a.c.c.C.[Tomcat].[localhost].[/]       : Initializing Spring embedded WebApplicationContext
2022-12-09 21:51:51.463  INFO 240458 --- [main] w.s.c.ServletWebServerApplicationContext : Root WebApplicationContext: initialization completed in 878 ms
2022-12-09 21:51:51.944  INFO 240458 --- [main] o.s.b.a.e.web.EndpointLinksResolver      : Exposing 1 endpoint(s) beneath base path '/actuator'
2022-12-09 21:51:51.984  INFO 240458 --- [main] o.s.b.w.embedded.tomcat.TomcatWebServer  : Tomcat started on port(s): 8080 (http) with context path ''
2022-12-09 21:51:51.996  INFO 240458 --- [main] com.example.springboot.Application       : Started Application in 1.835 seconds (JVM running for 2.159)
2022-12-09 21:51:56.473  INFO 240458 --- [http-nio-8080-exec-1] o.a.c.c.C.[Tomcat].[localhost].[/]       : Initializing Spring DispatcherServlet 'dispatcherServlet'
2022-12-09 21:51:56.473  INFO 240458 --- [http-nio-8080-exec-1] o.s.web.servlet.DispatcherServlet        : Initializing Servlet 'dispatcherServlet'
2022-12-09 21:51:56.474  INFO 240458 --- [http-nio-8080-exec-1] o.s.web.servlet.DispatcherServlet        : Completed initialization in 1 ms
2022-12-09 21:51:56.499  INFO 240458 --- [http-nio-8080-exec-1] com.example.springboot.HelloController   : Server is running on port 8080
2022-12-09 21:52:51.708  INFO 240458 --- [http-nio-8080-exec-2] com.example.springboot.HelloController   : Server is running on port 8080
2022-12-09 23:13:59.259  INFO 271753 --- [main] c.e.springboot.HelloControllerTest       : Starting HelloControllerTest using Java 17.0.5 on IND040100591 with PID 271753 (started by niveus in /home/niveus/test-java/microservice-java)
2022-12-09 23:13:59.268  INFO 271753 --- [main] c.e.springboot.HelloControllerTest       : No active profile set, falling back to 1 default profile: "default"
2022-12-09 23:14:04.741  INFO 271753 --- [main] o.s.b.t.m.w.SpringBootMockServletContext : Initializing Spring TestDispatcherServlet ''
2022-12-09 23:14:04.742  INFO 271753 --- [main] o.s.t.web.servlet.TestDispatcherServlet  : Initializing Servlet ''
2022-12-09 23:14:04.764  INFO 271753 --- [main] o.s.b.a.e.web.EndpointLinksResolver      : Exposing 1 endpoint(s) beneath base path '/actuator'
2022-12-09 23:14:04.802  INFO 271753 --- [main] o.s.t.web.servlet.TestDispatcherServlet  : Completed initialization in 59 ms
2022-12-09 23:14:04.901  INFO 271753 --- [main] c.e.springboot.HelloControllerTest       : Started HelloControllerTest in 6.832 seconds (JVM running for 12.53)
2022-12-09 23:14:06.567  INFO 271753 --- [main] com.example.springboot.HelloController   : Server is running on port 8080
